running develop
running egg_info
creating linear_inverted_pendulum_pid_sim.egg-info
writing linear_inverted_pendulum_pid_sim.egg-info/PKG-INFO
writing dependency_links to linear_inverted_pendulum_pid_sim.egg-info/dependency_links.txt
writing entry points to linear_inverted_pendulum_pid_sim.egg-info/entry_points.txt
writing requirements to linear_inverted_pendulum_pid_sim.egg-info/requires.txt
writing top-level names to linear_inverted_pendulum_pid_sim.egg-info/top_level.txt
writing manifest file 'linear_inverted_pendulum_pid_sim.egg-info/SOURCES.txt'
reading manifest file 'linear_inverted_pendulum_pid_sim.egg-info/SOURCES.txt'
writing manifest file 'linear_inverted_pendulum_pid_sim.egg-info/SOURCES.txt'
running build_ext
Creating /home/ammar/Documents/Pendulum/pendulum_pid_ws/install/linear_inverted_pendulum_pid_sim/lib/python3.12/site-packages/linear-inverted-pendulum-pid-sim.egg-link (link to .)
Installing pid_serial_bridge script to /home/ammar/Documents/Pendulum/pendulum_pid_ws/install/linear_inverted_pendulum_pid_sim/lib/linear_inverted_pendulum_pid_sim

Installed /home/ammar/Documents/Pendulum/pendulum_pid_ws/build/linear_inverted_pendulum_pid_sim
running symlink_data
creating /home/ammar/Documents/Pendulum/pendulum_pid_ws/install/linear_inverted_pendulum_pid_sim/share/ament_index
creating /home/ammar/Documents/Pendulum/pendulum_pid_ws/install/linear_inverted_pendulum_pid_sim/share/ament_index/resource_index
creating /home/ammar/Documents/Pendulum/pendulum_pid_ws/install/linear_inverted_pendulum_pid_sim/share/ament_index/resource_index/packages
symbolically linking /home/ammar/Documents/Pendulum/pendulum_pid_ws/build/linear_inverted_pendulum_pid_sim/resource/linear_inverted_pendulum_pid_sim -> /home/ammar/Documents/Pendulum/pendulum_pid_ws/install/linear_inverted_pendulum_pid_sim/share/ament_index/resource_index/packages
symbolically linking /home/ammar/Documents/Pendulum/pendulum_pid_ws/build/linear_inverted_pendulum_pid_sim/package.xml -> /home/ammar/Documents/Pendulum/pendulum_pid_ws/install/linear_inverted_pendulum_pid_sim/share/linear_inverted_pendulum_pid_sim
symbolically linking /home/ammar/Documents/Pendulum/pendulum_pid_ws/build/linear_inverted_pendulum_pid_sim/README.md -> /home/ammar/Documents/Pendulum/pendulum_pid_ws/install/linear_inverted_pendulum_pid_sim/share/linear_inverted_pendulum_pid_sim
symbolically linking /home/ammar/Documents/Pendulum/pendulum_pid_ws/build/linear_inverted_pendulum_pid_sim/DOKUMENTASI_METODE_KONTROL.txt -> /home/ammar/Documents/Pendulum/pendulum_pid_ws/install/linear_inverted_pendulum_pid_sim/share/linear_inverted_pendulum_pid_sim
creating /home/ammar/Documents/Pendulum/pendulum_pid_ws/install/linear_inverted_pendulum_pid_sim/share/linear_inverted_pendulum_pid_sim/launch
symbolically linking /home/ammar/Documents/Pendulum/pendulum_pid_ws/build/linear_inverted_pendulum_pid_sim/launch/pid_sim.launch.py -> /home/ammar/Documents/Pendulum/pendulum_pid_ws/install/linear_inverted_pendulum_pid_sim/share/linear_inverted_pendulum_pid_sim/launch
creating /home/ammar/Documents/Pendulum/pendulum_pid_ws/install/linear_inverted_pendulum_pid_sim/share/linear_inverted_pendulum_pid_sim/urdf
symbolically linking /home/ammar/Documents/Pendulum/pendulum_pid_ws/build/linear_inverted_pendulum_pid_sim/urdf/linear_inverted_pendulum_pid.urdf.xacro -> /home/ammar/Documents/Pendulum/pendulum_pid_ws/install/linear_inverted_pendulum_pid_sim/share/linear_inverted_pendulum_pid_sim/urdf
