[1.840s] Invoking command in '/home/ammar/Documents/Pendulum/pendulum_pid_ws/build/linear_inverted_pendulum_pid_sim': DEBUGINFOD_URLS=https://debuginfod.ubuntu.com PS1=(venv-ardupilot) (venv-ardupilot) PYTHONPATH=/home/ammar/Documents/Pendulum/pendulum_pid_ws/build/linear_inverted_pendulum_pid_sim/prefix_override:/usr/lib/python3/dist-packages/colcon_core/task/python/colcon_distutils_commands:/home/ammar/Documents/Pendulum/pendulum_pid_ws/install/linear_inverted_pendulum_pid_sim/lib/python3.12/site-packages:${PYTHONPATH} VIRTUAL_ENV_PROMPT=(venv-ardupilot) /usr/bin/python3 -W ignore:setup.py install is deprecated -W ignore:easy_install command is deprecated setup.py develop --editable --build-directory /home/ammar/Documents/Pendulum/pendulum_pid_ws/build/linear_inverted_pendulum_pid_sim/build --no-deps symlink_data
[2.452s] running develop
[2.858s] running egg_info
[2.858s] creating linear_inverted_pendulum_pid_sim.egg-info
[2.906s] writing linear_inverted_pendulum_pid_sim.egg-info/PKG-INFO
[2.906s] writing dependency_links to linear_inverted_pendulum_pid_sim.egg-info/dependency_links.txt
[2.906s] writing entry points to linear_inverted_pendulum_pid_sim.egg-info/entry_points.txt
[2.906s] writing requirements to linear_inverted_pendulum_pid_sim.egg-info/requires.txt
[2.907s] writing top-level names to linear_inverted_pendulum_pid_sim.egg-info/top_level.txt
[2.907s] writing manifest file 'linear_inverted_pendulum_pid_sim.egg-info/SOURCES.txt'
[3.005s] reading manifest file 'linear_inverted_pendulum_pid_sim.egg-info/SOURCES.txt'
[3.006s] writing manifest file 'linear_inverted_pendulum_pid_sim.egg-info/SOURCES.txt'
[3.048s] running build_ext
[3.049s] Creating /home/ammar/Documents/Pendulum/pendulum_pid_ws/install/linear_inverted_pendulum_pid_sim/lib/python3.12/site-packages/linear-inverted-pendulum-pid-sim.egg-link (link to .)
[3.050s] Installing pid_serial_bridge script to /home/ammar/Documents/Pendulum/pendulum_pid_ws/install/linear_inverted_pendulum_pid_sim/lib/linear_inverted_pendulum_pid_sim
[3.050s] 
[3.051s] Installed /home/ammar/Documents/Pendulum/pendulum_pid_ws/build/linear_inverted_pendulum_pid_sim
[3.051s] running symlink_data
[3.051s] creating /home/ammar/Documents/Pendulum/pendulum_pid_ws/install/linear_inverted_pendulum_pid_sim/share/ament_index
[3.051s] creating /home/ammar/Documents/Pendulum/pendulum_pid_ws/install/linear_inverted_pendulum_pid_sim/share/ament_index/resource_index
[3.052s] creating /home/ammar/Documents/Pendulum/pendulum_pid_ws/install/linear_inverted_pendulum_pid_sim/share/ament_index/resource_index/packages
[3.052s] symbolically linking /home/ammar/Documents/Pendulum/pendulum_pid_ws/build/linear_inverted_pendulum_pid_sim/resource/linear_inverted_pendulum_pid_sim -> /home/ammar/Documents/Pendulum/pendulum_pid_ws/install/linear_inverted_pendulum_pid_sim/share/ament_index/resource_index/packages
[3.052s] symbolically linking /home/ammar/Documents/Pendulum/pendulum_pid_ws/build/linear_inverted_pendulum_pid_sim/package.xml -> /home/ammar/Documents/Pendulum/pendulum_pid_ws/install/linear_inverted_pendulum_pid_sim/share/linear_inverted_pendulum_pid_sim
[3.052s] symbolically linking /home/ammar/Documents/Pendulum/pendulum_pid_ws/build/linear_inverted_pendulum_pid_sim/README.md -> /home/ammar/Documents/Pendulum/pendulum_pid_ws/install/linear_inverted_pendulum_pid_sim/share/linear_inverted_pendulum_pid_sim
[3.052s] symbolically linking /home/ammar/Documents/Pendulum/pendulum_pid_ws/build/linear_inverted_pendulum_pid_sim/DOKUMENTASI_METODE_KONTROL.txt -> /home/ammar/Documents/Pendulum/pendulum_pid_ws/install/linear_inverted_pendulum_pid_sim/share/linear_inverted_pendulum_pid_sim
[3.053s] creating /home/ammar/Documents/Pendulum/pendulum_pid_ws/install/linear_inverted_pendulum_pid_sim/share/linear_inverted_pendulum_pid_sim/launch
[3.053s] symbolically linking /home/ammar/Documents/Pendulum/pendulum_pid_ws/build/linear_inverted_pendulum_pid_sim/launch/pid_sim.launch.py -> /home/ammar/Documents/Pendulum/pendulum_pid_ws/install/linear_inverted_pendulum_pid_sim/share/linear_inverted_pendulum_pid_sim/launch
[3.053s] creating /home/ammar/Documents/Pendulum/pendulum_pid_ws/install/linear_inverted_pendulum_pid_sim/share/linear_inverted_pendulum_pid_sim/urdf
[3.053s] symbolically linking /home/ammar/Documents/Pendulum/pendulum_pid_ws/build/linear_inverted_pendulum_pid_sim/urdf/linear_inverted_pendulum_pid.urdf.xacro -> /home/ammar/Documents/Pendulum/pendulum_pid_ws/install/linear_inverted_pendulum_pid_sim/share/linear_inverted_pendulum_pid_sim/urdf
[3.119s] Invoked command in '/home/ammar/Documents/Pendulum/pendulum_pid_ws/build/linear_inverted_pendulum_pid_sim' returned '0': DEBUGINFOD_URLS=https://debuginfod.ubuntu.com PS1=(venv-ardupilot) (venv-ardupilot) PYTHONPATH=/home/ammar/Documents/Pendulum/pendulum_pid_ws/build/linear_inverted_pendulum_pid_sim/prefix_override:/usr/lib/python3/dist-packages/colcon_core/task/python/colcon_distutils_commands:/home/ammar/Documents/Pendulum/pendulum_pid_ws/install/linear_inverted_pendulum_pid_sim/lib/python3.12/site-packages:${PYTHONPATH} VIRTUAL_ENV_PROMPT=(venv-ardupilot) /usr/bin/python3 -W ignore:setup.py install is deprecated -W ignore:easy_install command is deprecated setup.py develop --editable --build-directory /home/ammar/Documents/Pendulum/pendulum_pid_ws/build/linear_inverted_pendulum_pid_sim/build --no-deps symlink_data
