[0.855s] Invoking command in '/home/ammar/Documents/Pendulum/pendulum_real_ws/build/linear_inverted_pendulum_real_sim': DEBUGINFOD_URLS=https://debuginfod.ubuntu.com PS1=(venv-ardupilot) (venv-ardupilot) PYTHONPATH=/home/ammar/Documents/Pendulum/pendulum_real_ws/build/linear_inverted_pendulum_real_sim/prefix_override:/usr/lib/python3/dist-packages/colcon_core/task/python/colcon_distutils_commands:/home/ammar/Documents/Pendulum/pendulum_real_ws/install/linear_inverted_pendulum_real_sim/lib/python3.12/site-packages:${PYTHONPATH} VIRTUAL_ENV_PROMPT=(venv-ardupilot) /usr/bin/python3 -W ignore:setup.py install is deprecated -W ignore:easy_install command is deprecated setup.py develop --editable --build-directory /home/ammar/Documents/Pendulum/pendulum_real_ws/build/linear_inverted_pendulum_real_sim/build --no-deps symlink_data
[1.208s] running develop
[1.416s] running egg_info
[1.416s] creating linear_inverted_pendulum_real_sim.egg-info
[1.435s] writing linear_inverted_pendulum_real_sim.egg-info/PKG-INFO
[1.436s] writing dependency_links to linear_inverted_pendulum_real_sim.egg-info/dependency_links.txt
[1.436s] writing entry points to linear_inverted_pendulum_real_sim.egg-info/entry_points.txt
[1.436s] writing requirements to linear_inverted_pendulum_real_sim.egg-info/requires.txt
[1.436s] writing top-level names to linear_inverted_pendulum_real_sim.egg-info/top_level.txt
[1.436s] writing manifest file 'linear_inverted_pendulum_real_sim.egg-info/SOURCES.txt'
[1.476s] reading manifest file 'linear_inverted_pendulum_real_sim.egg-info/SOURCES.txt'
[1.476s] writing manifest file 'linear_inverted_pendulum_real_sim.egg-info/SOURCES.txt'
[1.497s] running build_ext
[1.497s] Creating /home/ammar/Documents/Pendulum/pendulum_real_ws/install/linear_inverted_pendulum_real_sim/lib/python3.12/site-packages/linear-inverted-pendulum-real-sim.egg-link (link to .)
[1.498s] Installing real_serial_bridge script to /home/ammar/Documents/Pendulum/pendulum_real_ws/install/linear_inverted_pendulum_real_sim/lib/linear_inverted_pendulum_real_sim
[1.498s] 
[1.498s] Installed /home/ammar/Documents/Pendulum/pendulum_real_ws/build/linear_inverted_pendulum_real_sim
[1.498s] running symlink_data
[1.499s] creating /home/ammar/Documents/Pendulum/pendulum_real_ws/install/linear_inverted_pendulum_real_sim/share/ament_index
[1.499s] creating /home/ammar/Documents/Pendulum/pendulum_real_ws/install/linear_inverted_pendulum_real_sim/share/ament_index/resource_index
[1.499s] creating /home/ammar/Documents/Pendulum/pendulum_real_ws/install/linear_inverted_pendulum_real_sim/share/ament_index/resource_index/packages
[1.499s] symbolically linking /home/ammar/Documents/Pendulum/pendulum_real_ws/build/linear_inverted_pendulum_real_sim/resource/linear_inverted_pendulum_real_sim -> /home/ammar/Documents/Pendulum/pendulum_real_ws/install/linear_inverted_pendulum_real_sim/share/ament_index/resource_index/packages
[1.499s] symbolically linking /home/ammar/Documents/Pendulum/pendulum_real_ws/build/linear_inverted_pendulum_real_sim/package.xml -> /home/ammar/Documents/Pendulum/pendulum_real_ws/install/linear_inverted_pendulum_real_sim/share/linear_inverted_pendulum_real_sim
[1.499s] symbolically linking /home/ammar/Documents/Pendulum/pendulum_real_ws/build/linear_inverted_pendulum_real_sim/README.md -> /home/ammar/Documents/Pendulum/pendulum_real_ws/install/linear_inverted_pendulum_real_sim/share/linear_inverted_pendulum_real_sim
[1.499s] symbolically linking /home/ammar/Documents/Pendulum/pendulum_real_ws/build/linear_inverted_pendulum_real_sim/DOKUMENTASI_METODE_KONTROL.txt -> /home/ammar/Documents/Pendulum/pendulum_real_ws/install/linear_inverted_pendulum_real_sim/share/linear_inverted_pendulum_real_sim
[1.500s] creating /home/ammar/Documents/Pendulum/pendulum_real_ws/install/linear_inverted_pendulum_real_sim/share/linear_inverted_pendulum_real_sim/launch
[1.500s] symbolically linking /home/ammar/Documents/Pendulum/pendulum_real_ws/build/linear_inverted_pendulum_real_sim/launch/real_sim.launch.py -> /home/ammar/Documents/Pendulum/pendulum_real_ws/install/linear_inverted_pendulum_real_sim/share/linear_inverted_pendulum_real_sim/launch
[1.500s] creating /home/ammar/Documents/Pendulum/pendulum_real_ws/install/linear_inverted_pendulum_real_sim/share/linear_inverted_pendulum_real_sim/urdf
[1.500s] symbolically linking /home/ammar/Documents/Pendulum/pendulum_real_ws/build/linear_inverted_pendulum_real_sim/urdf/linear_inverted_pendulum_real.urdf.xacro -> /home/ammar/Documents/Pendulum/pendulum_real_ws/install/linear_inverted_pendulum_real_sim/share/linear_inverted_pendulum_real_sim/urdf
[1.551s] Invoked command in '/home/ammar/Documents/Pendulum/pendulum_real_ws/build/linear_inverted_pendulum_real_sim' returned '0': DEBUGINFOD_URLS=https://debuginfod.ubuntu.com PS1=(venv-ardupilot) (venv-ardupilot) PYTHONPATH=/home/ammar/Documents/Pendulum/pendulum_real_ws/build/linear_inverted_pendulum_real_sim/prefix_override:/usr/lib/python3/dist-packages/colcon_core/task/python/colcon_distutils_commands:/home/ammar/Documents/Pendulum/pendulum_real_ws/install/linear_inverted_pendulum_real_sim/lib/python3.12/site-packages:${PYTHONPATH} VIRTUAL_ENV_PROMPT=(venv-ardupilot) /usr/bin/python3 -W ignore:setup.py install is deprecated -W ignore:easy_install command is deprecated setup.py develop --editable --build-directory /home/ammar/Documents/Pendulum/pendulum_real_ws/build/linear_inverted_pendulum_real_sim/build --no-deps symlink_data
