running develop
running egg_info
creating linear_inverted_pendulum_real_sim.egg-info
writing linear_inverted_pendulum_real_sim.egg-info/PKG-INFO
writing dependency_links to linear_inverted_pendulum_real_sim.egg-info/dependency_links.txt
writing entry points to linear_inverted_pendulum_real_sim.egg-info/entry_points.txt
writing requirements to linear_inverted_pendulum_real_sim.egg-info/requires.txt
writing top-level names to linear_inverted_pendulum_real_sim.egg-info/top_level.txt
writing manifest file 'linear_inverted_pendulum_real_sim.egg-info/SOURCES.txt'
reading manifest file 'linear_inverted_pendulum_real_sim.egg-info/SOURCES.txt'
writing manifest file 'linear_inverted_pendulum_real_sim.egg-info/SOURCES.txt'
running build_ext
Creating /home/ammar/Documents/Pendulum/pendulu_real_ws/install/linear_inverted_pendulum_real_sim/lib/python3.12/site-packages/linear-inverted-pendulum-real-sim.egg-link (link to .)
Installing real_serial_bridge script to /home/ammar/Documents/Pendulum/pendulu_real_ws/install/linear_inverted_pendulum_real_sim/lib/linear_inverted_pendulum_real_sim

Installed /home/ammar/Documents/Pendulum/pendulu_real_ws/build/linear_inverted_pendulum_real_sim
running symlink_data
creating /home/ammar/Documents/Pendulum/pendulu_real_ws/install/linear_inverted_pendulum_real_sim/share/ament_index
creating /home/ammar/Documents/Pendulum/pendulu_real_ws/install/linear_inverted_pendulum_real_sim/share/ament_index/resource_index
creating /home/ammar/Documents/Pendulum/pendulu_real_ws/install/linear_inverted_pendulum_real_sim/share/ament_index/resource_index/packages
symbolically linking /home/ammar/Documents/Pendulum/pendulu_real_ws/build/linear_inverted_pendulum_real_sim/resource/linear_inverted_pendulum_real_sim -> /home/ammar/Documents/Pendulum/pendulu_real_ws/install/linear_inverted_pendulum_real_sim/share/ament_index/resource_index/packages
symbolically linking /home/ammar/Documents/Pendulum/pendulu_real_ws/build/linear_inverted_pendulum_real_sim/package.xml -> /home/ammar/Documents/Pendulum/pendulu_real_ws/install/linear_inverted_pendulum_real_sim/share/linear_inverted_pendulum_real_sim
symbolically linking /home/ammar/Documents/Pendulum/pendulu_real_ws/build/linear_inverted_pendulum_real_sim/README.md -> /home/ammar/Documents/Pendulum/pendulu_real_ws/install/linear_inverted_pendulum_real_sim/share/linear_inverted_pendulum_real_sim
symbolically linking /home/ammar/Documents/Pendulum/pendulu_real_ws/build/linear_inverted_pendulum_real_sim/DOKUMENTASI_METODE_KONTROL.txt -> /home/ammar/Documents/Pendulum/pendulu_real_ws/install/linear_inverted_pendulum_real_sim/share/linear_inverted_pendulum_real_sim
creating /home/ammar/Documents/Pendulum/pendulu_real_ws/install/linear_inverted_pendulum_real_sim/share/linear_inverted_pendulum_real_sim/launch
symbolically linking /home/ammar/Documents/Pendulum/pendulu_real_ws/build/linear_inverted_pendulum_real_sim/launch/real_sim.launch.py -> /home/ammar/Documents/Pendulum/pendulu_real_ws/install/linear_inverted_pendulum_real_sim/share/linear_inverted_pendulum_real_sim/launch
creating /home/ammar/Documents/Pendulum/pendulu_real_ws/install/linear_inverted_pendulum_real_sim/share/linear_inverted_pendulum_real_sim/urdf
symbolically linking /home/ammar/Documents/Pendulum/pendulu_real_ws/build/linear_inverted_pendulum_real_sim/urdf/linear_inverted_pendulum_real.urdf.xacro -> /home/ammar/Documents/Pendulum/pendulu_real_ws/install/linear_inverted_pendulum_real_sim/share/linear_inverted_pendulum_real_sim/urdf
