[0.181s] DEBUG:colcon:Command line arguments: ['/usr/bin/colcon', 'build', '--symlink-install']
[0.181s] DEBUG:colcon:Parsed command line arguments: Namespace(log_base=None, log_level=None, verb_name='build', build_base='build', install_base='install', merge_install=False, symlink_install=True, test_result_base=None, continue_on_error=False, executor='parallel', parallel_workers=12, event_handlers=None, ignore_user_meta=False, metas=['./colcon.meta'], base_paths=['.'], packages_ignore=None, packages_ignore_regex=None, paths=None, packages_up_to=None, packages_up_to_regex=None, packages_above=None, packages_above_and_dependencies=None, packages_above_depth=None, packages_select_by_dep=None, packages_skip_by_dep=None, packages_skip_up_to=None, packages_select_build_failed=False, packages_skip_build_finished=False, packages_select_test_failures=False, packages_skip_test_passed=False, packages_select=None, packages_skip=None, packages_select_regex=None, packages_skip_regex=None, packages_start=None, packages_end=None, allow_overriding=[], cmake_args=None, cmake_target=None, cmake_target_skip_unavailable=False, cmake_clean_cache=False, cmake_clean_first=False, cmake_force_configure=False, ament_cmake_args=None, catkin_cmake_args=None, catkin_skip_building_tests=False, verb_parser=<colcon_defaults.argument_parser.defaults.DefaultArgumentsDecorator object at 0x73ae00e9c170>, verb_extension=<colcon_core.verb.build.BuildVerb object at 0x73ae00e6fe90>, main=<bound method BuildVerb.main of <colcon_core.verb.build.BuildVerb object at 0x73ae00e6fe90>>)
[0.250s] Level 1:colcon.colcon_core.package_discovery:discover_packages(colcon_meta) check parameters
[0.250s] Level 1:colcon.colcon_core.package_discovery:discover_packages(recursive) check parameters
[0.250s] Level 1:colcon.colcon_core.package_discovery:discover_packages(ignore) check parameters
[0.250s] Level 1:colcon.colcon_core.package_discovery:discover_packages(path) check parameters
[0.250s] Level 1:colcon.colcon_core.package_discovery:discover_packages(colcon_meta) discover
[0.250s] Level 1:colcon.colcon_core.package_discovery:discover_packages(recursive) discover
[0.251s] INFO:colcon.colcon_core.package_discovery:Crawling recursively for packages in '/home/ammar/Documents/Pendulum/pendulum_pid_ws'
[0.251s] Level 1:colcon.colcon_core.package_identification:_identify(.) by extensions ['ignore', 'ignore_ament_install']
[0.251s] Level 1:colcon.colcon_core.package_identification:_identify(.) by extension 'ignore'
[0.251s] Level 1:colcon.colcon_core.package_identification:_identify(.) by extension 'ignore_ament_install'
[0.251s] Level 1:colcon.colcon_core.package_identification:_identify(.) by extensions ['colcon_pkg']
[0.251s] Level 1:colcon.colcon_core.package_identification:_identify(.) by extension 'colcon_pkg'
[0.251s] Level 1:colcon.colcon_core.package_identification:_identify(.) by extensions ['colcon_meta']
[0.251s] Level 1:colcon.colcon_core.package_identification:_identify(.) by extension 'colcon_meta'
[0.251s] Level 1:colcon.colcon_core.package_identification:_identify(.) by extensions ['ros']
[0.251s] Level 1:colcon.colcon_core.package_identification:_identify(.) by extension 'ros'
[0.294s] Level 1:colcon.colcon_core.package_identification:_identify(.) by extensions ['cmake', 'python']
[0.294s] Level 1:colcon.colcon_core.package_identification:_identify(.) by extension 'cmake'
[0.295s] Level 1:colcon.colcon_core.package_identification:_identify(.) by extension 'python'
[0.295s] Level 1:colcon.colcon_core.package_identification:_identify(.) by extensions ['python_setup_py']
[0.295s] Level 1:colcon.colcon_core.package_identification:_identify(.) by extension 'python_setup_py'
[0.295s] Level 1:colcon.colcon_core.package_identification:_identify(build) by extensions ['ignore', 'ignore_ament_install']
[0.295s] Level 1:colcon.colcon_core.package_identification:_identify(build) by extension 'ignore'
[0.295s] Level 1:colcon.colcon_core.package_identification:_identify(build) ignored
[0.295s] Level 1:colcon.colcon_core.package_identification:_identify(install) by extensions ['ignore', 'ignore_ament_install']
[0.296s] Level 1:colcon.colcon_core.package_identification:_identify(install) by extension 'ignore'
[0.296s] Level 1:colcon.colcon_core.package_identification:_identify(install) ignored
[0.296s] Level 1:colcon.colcon_core.package_identification:_identify(log) by extensions ['ignore', 'ignore_ament_install']
[0.296s] Level 1:colcon.colcon_core.package_identification:_identify(log) by extension 'ignore'
[0.296s] Level 1:colcon.colcon_core.package_identification:_identify(log) ignored
[0.296s] Level 1:colcon.colcon_core.package_identification:_identify(src) by extensions ['ignore', 'ignore_ament_install']
[0.296s] Level 1:colcon.colcon_core.package_identification:_identify(src) by extension 'ignore'
[0.296s] Level 1:colcon.colcon_core.package_identification:_identify(src) by extension 'ignore_ament_install'
[0.296s] Level 1:colcon.colcon_core.package_identification:_identify(src) by extensions ['colcon_pkg']
[0.296s] Level 1:colcon.colcon_core.package_identification:_identify(src) by extension 'colcon_pkg'
[0.297s] Level 1:colcon.colcon_core.package_identification:_identify(src) by extensions ['colcon_meta']
[0.297s] Level 1:colcon.colcon_core.package_identification:_identify(src) by extension 'colcon_meta'
[0.297s] Level 1:colcon.colcon_core.package_identification:_identify(src) by extensions ['ros']
[0.297s] Level 1:colcon.colcon_core.package_identification:_identify(src) by extension 'ros'
[0.297s] Level 1:colcon.colcon_core.package_identification:_identify(src) by extensions ['cmake', 'python']
[0.297s] Level 1:colcon.colcon_core.package_identification:_identify(src) by extension 'cmake'
[0.297s] Level 1:colcon.colcon_core.package_identification:_identify(src) by extension 'python'
[0.297s] Level 1:colcon.colcon_core.package_identification:_identify(src) by extensions ['python_setup_py']
[0.297s] Level 1:colcon.colcon_core.package_identification:_identify(src) by extension 'python_setup_py'
[0.297s] Level 1:colcon.colcon_core.package_identification:_identify(src/linear_inverted_pendulum_pid_sim) by extensions ['ignore', 'ignore_ament_install']
[0.297s] Level 1:colcon.colcon_core.package_identification:_identify(src/linear_inverted_pendulum_pid_sim) by extension 'ignore'
[0.298s] Level 1:colcon.colcon_core.package_identification:_identify(src/linear_inverted_pendulum_pid_sim) by extension 'ignore_ament_install'
[0.298s] Level 1:colcon.colcon_core.package_identification:_identify(src/linear_inverted_pendulum_pid_sim) by extensions ['colcon_pkg']
[0.298s] Level 1:colcon.colcon_core.package_identification:_identify(src/linear_inverted_pendulum_pid_sim) by extension 'colcon_pkg'
[0.298s] Level 1:colcon.colcon_core.package_identification:_identify(src/linear_inverted_pendulum_pid_sim) by extensions ['colcon_meta']
[0.298s] Level 1:colcon.colcon_core.package_identification:_identify(src/linear_inverted_pendulum_pid_sim) by extension 'colcon_meta'
[0.298s] Level 1:colcon.colcon_core.package_identification:_identify(src/linear_inverted_pendulum_pid_sim) by extensions ['ros']
[0.298s] Level 1:colcon.colcon_core.package_identification:_identify(src/linear_inverted_pendulum_pid_sim) by extension 'ros'
[0.303s] DEBUG:colcon.colcon_core.package_identification:Package 'src/linear_inverted_pendulum_pid_sim' with type 'ros.ament_python' and name 'linear_inverted_pendulum_pid_sim'
[0.303s] Level 1:colcon.colcon_core.package_discovery:discover_packages(recursive) using defaults
[0.303s] Level 1:colcon.colcon_core.package_discovery:discover_packages(ignore) discover
[0.303s] Level 1:colcon.colcon_core.package_discovery:discover_packages(ignore) using defaults
[0.303s] Level 1:colcon.colcon_core.package_discovery:discover_packages(path) discover
[0.303s] Level 1:colcon.colcon_core.package_discovery:discover_packages(path) using defaults
[0.332s] Level 1:colcon.colcon_core.package_discovery:discover_packages(prefix_path) check parameters
[0.332s] Level 1:colcon.colcon_core.package_discovery:discover_packages(prefix_path) discover
[0.338s] DEBUG:colcon.colcon_installed_package_information.package_discovery:Found 401 installed packages in /opt/ros/jazzy
[0.340s] Level 1:colcon.colcon_core.package_discovery:discover_packages(prefix_path) using defaults
[0.442s] Level 5:colcon.colcon_core.verb:set package 'linear_inverted_pendulum_pid_sim' build argument 'cmake_args' from command line to 'None'
[0.442s] Level 5:colcon.colcon_core.verb:set package 'linear_inverted_pendulum_pid_sim' build argument 'cmake_target' from command line to 'None'
[0.442s] Level 5:colcon.colcon_core.verb:set package 'linear_inverted_pendulum_pid_sim' build argument 'cmake_target_skip_unavailable' from command line to 'False'
[0.442s] Level 5:colcon.colcon_core.verb:set package 'linear_inverted_pendulum_pid_sim' build argument 'cmake_clean_cache' from command line to 'False'
[0.442s] Level 5:colcon.colcon_core.verb:set package 'linear_inverted_pendulum_pid_sim' build argument 'cmake_clean_first' from command line to 'False'
[0.442s] Level 5:colcon.colcon_core.verb:set package 'linear_inverted_pendulum_pid_sim' build argument 'cmake_force_configure' from command line to 'False'
[0.442s] Level 5:colcon.colcon_core.verb:set package 'linear_inverted_pendulum_pid_sim' build argument 'ament_cmake_args' from command line to 'None'
[0.442s] Level 5:colcon.colcon_core.verb:set package 'linear_inverted_pendulum_pid_sim' build argument 'catkin_cmake_args' from command line to 'None'
[0.442s] Level 5:colcon.colcon_core.verb:set package 'linear_inverted_pendulum_pid_sim' build argument 'catkin_skip_building_tests' from command line to 'False'
[0.442s] DEBUG:colcon.colcon_core.verb:Building package 'linear_inverted_pendulum_pid_sim' with the following arguments: {'ament_cmake_args': None, 'build_base': '/home/ammar/Documents/Pendulum/pendulum_pid_ws/build/linear_inverted_pendulum_pid_sim', 'catkin_cmake_args': None, 'catkin_skip_building_tests': False, 'cmake_args': None, 'cmake_clean_cache': False, 'cmake_clean_first': False, 'cmake_force_configure': False, 'cmake_target': None, 'cmake_target_skip_unavailable': False, 'install_base': '/home/ammar/Documents/Pendulum/pendulum_pid_ws/install/linear_inverted_pendulum_pid_sim', 'merge_install': False, 'path': '/home/ammar/Documents/Pendulum/pendulum_pid_ws/src/linear_inverted_pendulum_pid_sim', 'symlink_install': True, 'test_result_base': None}
[0.443s] INFO:colcon.colcon_core.executor:Executing jobs using 'parallel' executor
[0.444s] DEBUG:colcon.colcon_parallel_executor.executor.parallel:run_until_complete
[0.445s] INFO:colcon.colcon_ros.task.ament_python.build:Building ROS package in '/home/ammar/Documents/Pendulum/pendulum_pid_ws/src/linear_inverted_pendulum_pid_sim' with build type 'ament_python'
[0.445s] Level 1:colcon.colcon_core.shell:create_environment_hook('linear_inverted_pendulum_pid_sim', 'ament_prefix_path')
[0.448s] INFO:colcon.colcon_core.plugin_system:Skipping extension 'colcon_core.shell.bat': Not used on non-Windows systems
[0.448s] INFO:colcon.colcon_core.shell:Creating environment hook '/home/ammar/Documents/Pendulum/pendulum_pid_ws/install/linear_inverted_pendulum_pid_sim/share/linear_inverted_pendulum_pid_sim/hook/ament_prefix_path.ps1'
[0.449s] INFO:colcon.colcon_core.shell:Creating environment descriptor '/home/ammar/Documents/Pendulum/pendulum_pid_ws/install/linear_inverted_pendulum_pid_sim/share/linear_inverted_pendulum_pid_sim/hook/ament_prefix_path.dsv'
[0.450s] INFO:colcon.colcon_core.shell:Creating environment hook '/home/ammar/Documents/Pendulum/pendulum_pid_ws/install/linear_inverted_pendulum_pid_sim/share/linear_inverted_pendulum_pid_sim/hook/ament_prefix_path.sh'
[0.451s] INFO:colcon.colcon_core.shell:Skip shell extension 'powershell' for command environment: Not usable outside of PowerShell
[0.451s] DEBUG:colcon.colcon_core.shell:Skip shell extension 'dsv' for command environment
[0.846s] INFO:colcon.colcon_core.task.python.build:Building Python package in '/home/ammar/Documents/Pendulum/pendulum_pid_ws/src/linear_inverted_pendulum_pid_sim'
[0.846s] INFO:colcon.colcon_core.shell:Skip shell extension 'powershell' for command environment: Not usable outside of PowerShell
[0.846s] DEBUG:colcon.colcon_core.shell:Skip shell extension 'dsv' for command environment
[1.963s] DEBUG:colcon.colcon_core.event_handler.log_command:Invoking command in '/home/ammar/Documents/Pendulum/pendulum_pid_ws/build/linear_inverted_pendulum_pid_sim': DEBUGINFOD_URLS=https://debuginfod.ubuntu.com PS1=(venv-ardupilot) (venv-ardupilot) PYTHONPATH=/home/ammar/Documents/Pendulum/pendulum_pid_ws/build/linear_inverted_pendulum_pid_sim/prefix_override:/usr/lib/python3/dist-packages/colcon_core/task/python/colcon_distutils_commands:/home/ammar/Documents/Pendulum/pendulum_pid_ws/install/linear_inverted_pendulum_pid_sim/lib/python3.12/site-packages:${PYTHONPATH} VIRTUAL_ENV_PROMPT=(venv-ardupilot) /usr/bin/python3 -W ignore:setup.py install is deprecated -W ignore:easy_install command is deprecated setup.py develop --editable --build-directory /home/ammar/Documents/Pendulum/pendulum_pid_ws/build/linear_inverted_pendulum_pid_sim/build --no-deps symlink_data
[3.210s] Level 1:colcon.colcon_core.shell:create_environment_hook('linear_inverted_pendulum_pid_sim', 'pythonpath_develop')
[3.210s] INFO:colcon.colcon_core.shell:Creating environment hook '/home/ammar/Documents/Pendulum/pendulum_pid_ws/build/linear_inverted_pendulum_pid_sim/share/linear_inverted_pendulum_pid_sim/hook/pythonpath_develop.ps1'
[3.212s] DEBUG:colcon.colcon_core.event_handler.log_command:Invoked command in '/home/ammar/Documents/Pendulum/pendulum_pid_ws/build/linear_inverted_pendulum_pid_sim' returned '0': DEBUGINFOD_URLS=https://debuginfod.ubuntu.com PS1=(venv-ardupilot) (venv-ardupilot) PYTHONPATH=/home/ammar/Documents/Pendulum/pendulum_pid_ws/build/linear_inverted_pendulum_pid_sim/prefix_override:/usr/lib/python3/dist-packages/colcon_core/task/python/colcon_distutils_commands:/home/ammar/Documents/Pendulum/pendulum_pid_ws/install/linear_inverted_pendulum_pid_sim/lib/python3.12/site-packages:${PYTHONPATH} VIRTUAL_ENV_PROMPT=(venv-ardupilot) /usr/bin/python3 -W ignore:setup.py install is deprecated -W ignore:easy_install command is deprecated setup.py develop --editable --build-directory /home/ammar/Documents/Pendulum/pendulum_pid_ws/build/linear_inverted_pendulum_pid_sim/build --no-deps symlink_data
[3.212s] INFO:colcon.colcon_core.shell:Creating environment descriptor '/home/ammar/Documents/Pendulum/pendulum_pid_ws/build/linear_inverted_pendulum_pid_sim/share/linear_inverted_pendulum_pid_sim/hook/pythonpath_develop.dsv'
[3.213s] INFO:colcon.colcon_core.shell:Creating environment hook '/home/ammar/Documents/Pendulum/pendulum_pid_ws/build/linear_inverted_pendulum_pid_sim/share/linear_inverted_pendulum_pid_sim/hook/pythonpath_develop.sh'
[3.217s] Level 1:colcon.colcon_core.environment:checking '/home/ammar/Documents/Pendulum/pendulum_pid_ws/install/linear_inverted_pendulum_pid_sim' for CMake module files
[3.218s] Level 1:colcon.colcon_core.environment:checking '/home/ammar/Documents/Pendulum/pendulum_pid_ws/install/linear_inverted_pendulum_pid_sim' for CMake config files
[3.219s] Level 1:colcon.colcon_core.environment:checking '/home/ammar/Documents/Pendulum/pendulum_pid_ws/install/linear_inverted_pendulum_pid_sim/lib'
[3.219s] Level 1:colcon.colcon_core.environment:checking '/home/ammar/Documents/Pendulum/pendulum_pid_ws/install/linear_inverted_pendulum_pid_sim/bin'
[3.219s] Level 1:colcon.colcon_core.environment:checking '/home/ammar/Documents/Pendulum/pendulum_pid_ws/install/linear_inverted_pendulum_pid_sim/lib/pkgconfig/linear_inverted_pendulum_pid_sim.pc'
[3.220s] Level 1:colcon.colcon_core.environment:checking '/home/ammar/Documents/Pendulum/pendulum_pid_ws/install/linear_inverted_pendulum_pid_sim/lib/python3.12/site-packages'
[3.220s] Level 1:colcon.colcon_core.shell:create_environment_hook('linear_inverted_pendulum_pid_sim', 'pythonpath')
[3.220s] INFO:colcon.colcon_core.shell:Creating environment hook '/home/ammar/Documents/Pendulum/pendulum_pid_ws/install/linear_inverted_pendulum_pid_sim/share/linear_inverted_pendulum_pid_sim/hook/pythonpath.ps1'
[3.221s] INFO:colcon.colcon_core.shell:Creating environment descriptor '/home/ammar/Documents/Pendulum/pendulum_pid_ws/install/linear_inverted_pendulum_pid_sim/share/linear_inverted_pendulum_pid_sim/hook/pythonpath.dsv'
[3.221s] INFO:colcon.colcon_core.shell:Creating environment hook '/home/ammar/Documents/Pendulum/pendulum_pid_ws/install/linear_inverted_pendulum_pid_sim/share/linear_inverted_pendulum_pid_sim/hook/pythonpath.sh'
[3.223s] Level 1:colcon.colcon_core.environment:checking '/home/ammar/Documents/Pendulum/pendulum_pid_ws/install/linear_inverted_pendulum_pid_sim/bin'
[3.223s] Level 1:colcon.colcon_core.environment:create_environment_scripts_only(linear_inverted_pendulum_pid_sim)
[3.223s] INFO:colcon.colcon_core.shell:Creating package script '/home/ammar/Documents/Pendulum/pendulum_pid_ws/install/linear_inverted_pendulum_pid_sim/share/linear_inverted_pendulum_pid_sim/package.ps1'
[3.224s] INFO:colcon.colcon_core.shell:Creating package descriptor '/home/ammar/Documents/Pendulum/pendulum_pid_ws/install/linear_inverted_pendulum_pid_sim/share/linear_inverted_pendulum_pid_sim/package.dsv'
[3.225s] INFO:colcon.colcon_core.shell:Creating package script '/home/ammar/Documents/Pendulum/pendulum_pid_ws/install/linear_inverted_pendulum_pid_sim/share/linear_inverted_pendulum_pid_sim/package.sh'
[3.226s] INFO:colcon.colcon_core.shell:Creating package script '/home/ammar/Documents/Pendulum/pendulum_pid_ws/install/linear_inverted_pendulum_pid_sim/share/linear_inverted_pendulum_pid_sim/package.bash'
[3.227s] INFO:colcon.colcon_core.shell:Creating package script '/home/ammar/Documents/Pendulum/pendulum_pid_ws/install/linear_inverted_pendulum_pid_sim/share/linear_inverted_pendulum_pid_sim/package.zsh'
[3.228s] Level 1:colcon.colcon_core.environment:create_file_with_runtime_dependencies(/home/ammar/Documents/Pendulum/pendulum_pid_ws/install/linear_inverted_pendulum_pid_sim/share/colcon-core/packages/linear_inverted_pendulum_pid_sim)
[3.229s] DEBUG:colcon.colcon_parallel_executor.executor.parallel:closing loop
[3.229s] DEBUG:colcon.colcon_parallel_executor.executor.parallel:loop closed
[3.229s] DEBUG:colcon.colcon_parallel_executor.executor.parallel:run_until_complete finished with '0'
[3.229s] DEBUG:colcon.colcon_core.event_reactor:joining thread
[3.238s] INFO:colcon.colcon_core.plugin_system:Skipping extension 'colcon_notification.desktop_notification.terminal_notifier': Not used on non-Darwin systems
[3.239s] INFO:colcon.colcon_core.plugin_system:Skipping extension 'colcon_notification.desktop_notification.win32': Not used on non-Windows systems
[3.239s] INFO:colcon.colcon_notification.desktop_notification:Sending desktop notification using 'notify2'
[3.262s] DEBUG:colcon.colcon_core.event_reactor:joined thread
[3.262s] INFO:colcon.colcon_core.shell:Creating prefix script '/home/ammar/Documents/Pendulum/pendulum_pid_ws/install/local_setup.ps1'
[3.264s] INFO:colcon.colcon_core.shell:Creating prefix util module '/home/ammar/Documents/Pendulum/pendulum_pid_ws/install/_local_setup_util_ps1.py'
[3.267s] INFO:colcon.colcon_core.shell:Creating prefix chain script '/home/ammar/Documents/Pendulum/pendulum_pid_ws/install/setup.ps1'
[3.269s] INFO:colcon.colcon_core.shell:Creating prefix script '/home/ammar/Documents/Pendulum/pendulum_pid_ws/install/local_setup.sh'
[3.270s] INFO:colcon.colcon_core.shell:Creating prefix util module '/home/ammar/Documents/Pendulum/pendulum_pid_ws/install/_local_setup_util_sh.py'
[3.272s] INFO:colcon.colcon_core.shell:Creating prefix chain script '/home/ammar/Documents/Pendulum/pendulum_pid_ws/install/setup.sh'
[3.274s] INFO:colcon.colcon_core.shell:Creating prefix script '/home/ammar/Documents/Pendulum/pendulum_pid_ws/install/local_setup.bash'
[3.275s] INFO:colcon.colcon_core.shell:Creating prefix chain script '/home/ammar/Documents/Pendulum/pendulum_pid_ws/install/setup.bash'
[3.277s] INFO:colcon.colcon_core.shell:Creating prefix script '/home/ammar/Documents/Pendulum/pendulum_pid_ws/install/local_setup.zsh'
[3.278s] INFO:colcon.colcon_core.shell:Creating prefix chain script '/home/ammar/Documents/Pendulum/pendulum_pid_ws/install/setup.zsh'
