[0.221s] DEBUG:colcon:Command line arguments: ['/usr/bin/colcon', 'build', '--symlink-install', '--packages-select', 'linear_inverted_pendulum_real_sim']
[0.221s] DEBUG:colcon:Parsed command line arguments: Namespace(log_base=None, log_level=None, verb_name='build', build_base='build', install_base='install', merge_install=False, symlink_install=True, test_result_base=None, continue_on_error=False, executor='parallel', parallel_workers=12, event_handlers=None, ignore_user_meta=False, metas=['./colcon.meta'], base_paths=['.'], packages_ignore=None, packages_ignore_regex=None, paths=None, packages_up_to=None, packages_up_to_regex=None, packages_above=None, packages_above_and_dependencies=None, packages_above_depth=None, packages_select_by_dep=None, packages_skip_by_dep=None, packages_skip_up_to=None, packages_select_build_failed=False, packages_skip_build_finished=False, packages_select_test_failures=False, packages_skip_test_passed=False, packages_select=['linear_inverted_pendulum_real_sim'], packages_skip=None, packages_select_regex=None, packages_skip_regex=None, packages_start=None, packages_end=None, allow_overriding=[], cmake_args=None, cmake_target=None, cmake_target_skip_unavailable=False, cmake_clean_cache=False, cmake_clean_first=False, cmake_force_configure=False, ament_cmake_args=None, catkin_cmake_args=None, catkin_skip_building_tests=False, verb_parser=<colcon_defaults.argument_parser.defaults.DefaultArgumentsDecorator object at 0x73d243198530>, verb_extension=<colcon_core.verb.build.BuildVerb object at 0x73d243198230>, main=<bound method BuildVerb.main of <colcon_core.verb.build.BuildVerb object at 0x73d243198230>>)
[0.307s] Level 1:colcon.colcon_core.package_discovery:discover_packages(colcon_meta) check parameters
[0.308s] Level 1:colcon.colcon_core.package_discovery:discover_packages(recursive) check parameters
[0.308s] Level 1:colcon.colcon_core.package_discovery:discover_packages(ignore) check parameters
[0.308s] Level 1:colcon.colcon_core.package_discovery:discover_packages(path) check parameters
[0.308s] Level 1:colcon.colcon_core.package_discovery:discover_packages(colcon_meta) discover
[0.308s] Level 1:colcon.colcon_core.package_discovery:discover_packages(recursive) discover
[0.308s] INFO:colcon.colcon_core.package_discovery:Crawling recursively for packages in '/home/ammar/Documents/Pendulum/pendulum_real_ws'
[0.308s] Level 1:colcon.colcon_core.package_identification:_identify(.) by extensions ['ignore', 'ignore_ament_install']
[0.308s] Level 1:colcon.colcon_core.package_identification:_identify(.) by extension 'ignore'
[0.308s] Level 1:colcon.colcon_core.package_identification:_identify(.) by extension 'ignore_ament_install'
[0.309s] Level 1:colcon.colcon_core.package_identification:_identify(.) by extensions ['colcon_pkg']
[0.309s] Level 1:colcon.colcon_core.package_identification:_identify(.) by extension 'colcon_pkg'
[0.309s] Level 1:colcon.colcon_core.package_identification:_identify(.) by extensions ['colcon_meta']
[0.309s] Level 1:colcon.colcon_core.package_identification:_identify(.) by extension 'colcon_meta'
[0.309s] Level 1:colcon.colcon_core.package_identification:_identify(.) by extensions ['ros']
[0.309s] Level 1:colcon.colcon_core.package_identification:_identify(.) by extension 'ros'
[0.363s] Level 1:colcon.colcon_core.package_identification:_identify(.) by extensions ['cmake', 'python']
[0.363s] Level 1:colcon.colcon_core.package_identification:_identify(.) by extension 'cmake'
[0.363s] Level 1:colcon.colcon_core.package_identification:_identify(.) by extension 'python'
[0.363s] Level 1:colcon.colcon_core.package_identification:_identify(.) by extensions ['python_setup_py']
[0.363s] Level 1:colcon.colcon_core.package_identification:_identify(.) by extension 'python_setup_py'
[0.363s] Level 1:colcon.colcon_core.package_identification:_identify(build) by extensions ['ignore', 'ignore_ament_install']
[0.364s] Level 1:colcon.colcon_core.package_identification:_identify(build) by extension 'ignore'
[0.364s] Level 1:colcon.colcon_core.package_identification:_identify(build) ignored
[0.364s] Level 1:colcon.colcon_core.package_identification:_identify(install) by extensions ['ignore', 'ignore_ament_install']
[0.364s] Level 1:colcon.colcon_core.package_identification:_identify(install) by extension 'ignore'
[0.364s] Level 1:colcon.colcon_core.package_identification:_identify(install) ignored
[0.364s] Level 1:colcon.colcon_core.package_identification:_identify(log) by extensions ['ignore', 'ignore_ament_install']
[0.365s] Level 1:colcon.colcon_core.package_identification:_identify(log) by extension 'ignore'
[0.365s] Level 1:colcon.colcon_core.package_identification:_identify(log) ignored
[0.365s] Level 1:colcon.colcon_core.package_identification:_identify(src) by extensions ['ignore', 'ignore_ament_install']
[0.365s] Level 1:colcon.colcon_core.package_identification:_identify(src) by extension 'ignore'
[0.365s] Level 1:colcon.colcon_core.package_identification:_identify(src) by extension 'ignore_ament_install'
[0.365s] Level 1:colcon.colcon_core.package_identification:_identify(src) by extensions ['colcon_pkg']
[0.365s] Level 1:colcon.colcon_core.package_identification:_identify(src) by extension 'colcon_pkg'
[0.365s] Level 1:colcon.colcon_core.package_identification:_identify(src) by extensions ['colcon_meta']
[0.365s] Level 1:colcon.colcon_core.package_identification:_identify(src) by extension 'colcon_meta'
[0.365s] Level 1:colcon.colcon_core.package_identification:_identify(src) by extensions ['ros']
[0.366s] Level 1:colcon.colcon_core.package_identification:_identify(src) by extension 'ros'
[0.366s] Level 1:colcon.colcon_core.package_identification:_identify(src) by extensions ['cmake', 'python']
[0.366s] Level 1:colcon.colcon_core.package_identification:_identify(src) by extension 'cmake'
[0.366s] Level 1:colcon.colcon_core.package_identification:_identify(src) by extension 'python'
[0.366s] Level 1:colcon.colcon_core.package_identification:_identify(src) by extensions ['python_setup_py']
[0.366s] Level 1:colcon.colcon_core.package_identification:_identify(src) by extension 'python_setup_py'
[0.366s] Level 1:colcon.colcon_core.package_identification:_identify(src/linear_inverted_pendulum_real_sim) by extensions ['ignore', 'ignore_ament_install']
[0.366s] Level 1:colcon.colcon_core.package_identification:_identify(src/linear_inverted_pendulum_real_sim) by extension 'ignore'
[0.366s] Level 1:colcon.colcon_core.package_identification:_identify(src/linear_inverted_pendulum_real_sim) by extension 'ignore_ament_install'
[0.367s] Level 1:colcon.colcon_core.package_identification:_identify(src/linear_inverted_pendulum_real_sim) by extensions ['colcon_pkg']
[0.367s] Level 1:colcon.colcon_core.package_identification:_identify(src/linear_inverted_pendulum_real_sim) by extension 'colcon_pkg'
[0.367s] Level 1:colcon.colcon_core.package_identification:_identify(src/linear_inverted_pendulum_real_sim) by extensions ['colcon_meta']
[0.367s] Level 1:colcon.colcon_core.package_identification:_identify(src/linear_inverted_pendulum_real_sim) by extension 'colcon_meta'
[0.367s] Level 1:colcon.colcon_core.package_identification:_identify(src/linear_inverted_pendulum_real_sim) by extensions ['ros']
[0.367s] Level 1:colcon.colcon_core.package_identification:_identify(src/linear_inverted_pendulum_real_sim) by extension 'ros'
[0.374s] DEBUG:colcon.colcon_core.package_identification:Package 'src/linear_inverted_pendulum_real_sim' with type 'ros.ament_python' and name 'linear_inverted_pendulum_real_sim'
[0.374s] Level 1:colcon.colcon_core.package_discovery:discover_packages(recursive) using defaults
[0.375s] Level 1:colcon.colcon_core.package_discovery:discover_packages(ignore) discover
[0.375s] Level 1:colcon.colcon_core.package_discovery:discover_packages(ignore) using defaults
[0.375s] Level 1:colcon.colcon_core.package_discovery:discover_packages(path) discover
[0.375s] Level 1:colcon.colcon_core.package_discovery:discover_packages(path) using defaults
[0.407s] Level 1:colcon.colcon_core.package_discovery:discover_packages(prefix_path) check parameters
[0.408s] Level 1:colcon.colcon_core.package_discovery:discover_packages(prefix_path) discover
[0.416s] DEBUG:colcon.colcon_installed_package_information.package_discovery:Found 401 installed packages in /opt/ros/jazzy
[0.418s] Level 1:colcon.colcon_core.package_discovery:discover_packages(prefix_path) using defaults
[0.550s] Level 5:colcon.colcon_core.verb:set package 'linear_inverted_pendulum_real_sim' build argument 'cmake_args' from command line to 'None'
[0.550s] Level 5:colcon.colcon_core.verb:set package 'linear_inverted_pendulum_real_sim' build argument 'cmake_target' from command line to 'None'
[0.550s] Level 5:colcon.colcon_core.verb:set package 'linear_inverted_pendulum_real_sim' build argument 'cmake_target_skip_unavailable' from command line to 'False'
[0.550s] Level 5:colcon.colcon_core.verb:set package 'linear_inverted_pendulum_real_sim' build argument 'cmake_clean_cache' from command line to 'False'
[0.550s] Level 5:colcon.colcon_core.verb:set package 'linear_inverted_pendulum_real_sim' build argument 'cmake_clean_first' from command line to 'False'
[0.550s] Level 5:colcon.colcon_core.verb:set package 'linear_inverted_pendulum_real_sim' build argument 'cmake_force_configure' from command line to 'False'
[0.550s] Level 5:colcon.colcon_core.verb:set package 'linear_inverted_pendulum_real_sim' build argument 'ament_cmake_args' from command line to 'None'
[0.551s] Level 5:colcon.colcon_core.verb:set package 'linear_inverted_pendulum_real_sim' build argument 'catkin_cmake_args' from command line to 'None'
[0.551s] Level 5:colcon.colcon_core.verb:set package 'linear_inverted_pendulum_real_sim' build argument 'catkin_skip_building_tests' from command line to 'False'
[0.551s] DEBUG:colcon.colcon_core.verb:Building package 'linear_inverted_pendulum_real_sim' with the following arguments: {'ament_cmake_args': None, 'build_base': '/home/ammar/Documents/Pendulum/pendulum_real_ws/build/linear_inverted_pendulum_real_sim', 'catkin_cmake_args': None, 'catkin_skip_building_tests': False, 'cmake_args': None, 'cmake_clean_cache': False, 'cmake_clean_first': False, 'cmake_force_configure': False, 'cmake_target': None, 'cmake_target_skip_unavailable': False, 'install_base': '/home/ammar/Documents/Pendulum/pendulum_real_ws/install/linear_inverted_pendulum_real_sim', 'merge_install': False, 'path': '/home/ammar/Documents/Pendulum/pendulum_real_ws/src/linear_inverted_pendulum_real_sim', 'symlink_install': True, 'test_result_base': None}
[0.551s] INFO:colcon.colcon_core.executor:Executing jobs using 'parallel' executor
[0.552s] DEBUG:colcon.colcon_parallel_executor.executor.parallel:run_until_complete
[0.553s] INFO:colcon.colcon_ros.task.ament_python.build:Building ROS package in '/home/ammar/Documents/Pendulum/pendulum_real_ws/src/linear_inverted_pendulum_real_sim' with build type 'ament_python'
[0.554s] Level 1:colcon.colcon_core.shell:create_environment_hook('linear_inverted_pendulum_real_sim', 'ament_prefix_path')
[0.558s] INFO:colcon.colcon_core.plugin_system:Skipping extension 'colcon_core.shell.bat': Not used on non-Windows systems
[0.558s] INFO:colcon.colcon_core.shell:Creating environment hook '/home/ammar/Documents/Pendulum/pendulum_real_ws/install/linear_inverted_pendulum_real_sim/share/linear_inverted_pendulum_real_sim/hook/ament_prefix_path.ps1'
[0.560s] INFO:colcon.colcon_core.shell:Creating environment descriptor '/home/ammar/Documents/Pendulum/pendulum_real_ws/install/linear_inverted_pendulum_real_sim/share/linear_inverted_pendulum_real_sim/hook/ament_prefix_path.dsv'
[0.561s] INFO:colcon.colcon_core.shell:Creating environment hook '/home/ammar/Documents/Pendulum/pendulum_real_ws/install/linear_inverted_pendulum_real_sim/share/linear_inverted_pendulum_real_sim/hook/ament_prefix_path.sh'
[0.562s] INFO:colcon.colcon_core.shell:Skip shell extension 'powershell' for command environment: Not usable outside of PowerShell
[0.562s] DEBUG:colcon.colcon_core.shell:Skip shell extension 'dsv' for command environment
[1.238s] INFO:colcon.colcon_core.task.python.build:Building Python package in '/home/ammar/Documents/Pendulum/pendulum_real_ws/src/linear_inverted_pendulum_real_sim'
[1.238s] INFO:colcon.colcon_core.shell:Skip shell extension 'powershell' for command environment: Not usable outside of PowerShell
[1.238s] DEBUG:colcon.colcon_core.shell:Skip shell extension 'dsv' for command environment
[2.520s] DEBUG:colcon.colcon_core.event_handler.log_command:Invoking command in '/home/ammar/Documents/Pendulum/pendulum_real_ws/build/linear_inverted_pendulum_real_sim': DEBUGINFOD_URLS=https://debuginfod.ubuntu.com PS1=(venv-ardupilot) (venv-ardupilot) PYTHONPATH=/home/ammar/Documents/Pendulum/pendulum_real_ws/build/linear_inverted_pendulum_real_sim/prefix_override:/usr/lib/python3/dist-packages/colcon_core/task/python/colcon_distutils_commands:/home/ammar/Documents/Pendulum/pendulum_real_ws/install/linear_inverted_pendulum_real_sim/lib/python3.12/site-packages:${PYTHONPATH} VIRTUAL_ENV_PROMPT=(venv-ardupilot) /usr/bin/python3 -W ignore:setup.py install is deprecated -W ignore:easy_install command is deprecated setup.py develop --editable --build-directory /home/ammar/Documents/Pendulum/pendulum_real_ws/build/linear_inverted_pendulum_real_sim/build --no-deps symlink_data
[4.013s] Level 1:colcon.colcon_core.shell:create_environment_hook('linear_inverted_pendulum_real_sim', 'pythonpath_develop')
[4.014s] INFO:colcon.colcon_core.shell:Creating environment hook '/home/ammar/Documents/Pendulum/pendulum_real_ws/build/linear_inverted_pendulum_real_sim/share/linear_inverted_pendulum_real_sim/hook/pythonpath_develop.ps1'
[4.015s] DEBUG:colcon.colcon_core.event_handler.log_command:Invoked command in '/home/ammar/Documents/Pendulum/pendulum_real_ws/build/linear_inverted_pendulum_real_sim' returned '0': DEBUGINFOD_URLS=https://debuginfod.ubuntu.com PS1=(venv-ardupilot) (venv-ardupilot) PYTHONPATH=/home/ammar/Documents/Pendulum/pendulum_real_ws/build/linear_inverted_pendulum_real_sim/prefix_override:/usr/lib/python3/dist-packages/colcon_core/task/python/colcon_distutils_commands:/home/ammar/Documents/Pendulum/pendulum_real_ws/install/linear_inverted_pendulum_real_sim/lib/python3.12/site-packages:${PYTHONPATH} VIRTUAL_ENV_PROMPT=(venv-ardupilot) /usr/bin/python3 -W ignore:setup.py install is deprecated -W ignore:easy_install command is deprecated setup.py develop --editable --build-directory /home/ammar/Documents/Pendulum/pendulum_real_ws/build/linear_inverted_pendulum_real_sim/build --no-deps symlink_data
[4.016s] INFO:colcon.colcon_core.shell:Creating environment descriptor '/home/ammar/Documents/Pendulum/pendulum_real_ws/build/linear_inverted_pendulum_real_sim/share/linear_inverted_pendulum_real_sim/hook/pythonpath_develop.dsv'
[4.017s] INFO:colcon.colcon_core.shell:Creating environment hook '/home/ammar/Documents/Pendulum/pendulum_real_ws/build/linear_inverted_pendulum_real_sim/share/linear_inverted_pendulum_real_sim/hook/pythonpath_develop.sh'
[4.022s] Level 1:colcon.colcon_core.environment:checking '/home/ammar/Documents/Pendulum/pendulum_real_ws/install/linear_inverted_pendulum_real_sim' for CMake module files
[4.024s] Level 1:colcon.colcon_core.environment:checking '/home/ammar/Documents/Pendulum/pendulum_real_ws/install/linear_inverted_pendulum_real_sim' for CMake config files
[4.026s] Level 1:colcon.colcon_core.environment:checking '/home/ammar/Documents/Pendulum/pendulum_real_ws/install/linear_inverted_pendulum_real_sim/lib'
[4.026s] Level 1:colcon.colcon_core.environment:checking '/home/ammar/Documents/Pendulum/pendulum_real_ws/install/linear_inverted_pendulum_real_sim/bin'
[4.027s] Level 1:colcon.colcon_core.environment:checking '/home/ammar/Documents/Pendulum/pendulum_real_ws/install/linear_inverted_pendulum_real_sim/lib/pkgconfig/linear_inverted_pendulum_real_sim.pc'
[4.027s] Level 1:colcon.colcon_core.environment:checking '/home/ammar/Documents/Pendulum/pendulum_real_ws/install/linear_inverted_pendulum_real_sim/lib/python3.12/site-packages'
[4.027s] Level 1:colcon.colcon_core.shell:create_environment_hook('linear_inverted_pendulum_real_sim', 'pythonpath')
[4.028s] INFO:colcon.colcon_core.shell:Creating environment hook '/home/ammar/Documents/Pendulum/pendulum_real_ws/install/linear_inverted_pendulum_real_sim/share/linear_inverted_pendulum_real_sim/hook/pythonpath.ps1'
[4.029s] INFO:colcon.colcon_core.shell:Creating environment descriptor '/home/ammar/Documents/Pendulum/pendulum_real_ws/install/linear_inverted_pendulum_real_sim/share/linear_inverted_pendulum_real_sim/hook/pythonpath.dsv'
[4.030s] INFO:colcon.colcon_core.shell:Creating environment hook '/home/ammar/Documents/Pendulum/pendulum_real_ws/install/linear_inverted_pendulum_real_sim/share/linear_inverted_pendulum_real_sim/hook/pythonpath.sh'
[4.031s] Level 1:colcon.colcon_core.environment:checking '/home/ammar/Documents/Pendulum/pendulum_real_ws/install/linear_inverted_pendulum_real_sim/bin'
[4.032s] Level 1:colcon.colcon_core.environment:create_environment_scripts_only(linear_inverted_pendulum_real_sim)
[4.032s] INFO:colcon.colcon_core.shell:Creating package script '/home/ammar/Documents/Pendulum/pendulum_real_ws/install/linear_inverted_pendulum_real_sim/share/linear_inverted_pendulum_real_sim/package.ps1'
[4.034s] INFO:colcon.colcon_core.shell:Creating package descriptor '/home/ammar/Documents/Pendulum/pendulum_real_ws/install/linear_inverted_pendulum_real_sim/share/linear_inverted_pendulum_real_sim/package.dsv'
[4.035s] INFO:colcon.colcon_core.shell:Creating package script '/home/ammar/Documents/Pendulum/pendulum_real_ws/install/linear_inverted_pendulum_real_sim/share/linear_inverted_pendulum_real_sim/package.sh'
[4.037s] INFO:colcon.colcon_core.shell:Creating package script '/home/ammar/Documents/Pendulum/pendulum_real_ws/install/linear_inverted_pendulum_real_sim/share/linear_inverted_pendulum_real_sim/package.bash'
[4.039s] INFO:colcon.colcon_core.shell:Creating package script '/home/ammar/Documents/Pendulum/pendulum_real_ws/install/linear_inverted_pendulum_real_sim/share/linear_inverted_pendulum_real_sim/package.zsh'
[4.040s] Level 1:colcon.colcon_core.environment:create_file_with_runtime_dependencies(/home/ammar/Documents/Pendulum/pendulum_real_ws/install/linear_inverted_pendulum_real_sim/share/colcon-core/packages/linear_inverted_pendulum_real_sim)
[4.041s] DEBUG:colcon.colcon_parallel_executor.executor.parallel:closing loop
[4.042s] DEBUG:colcon.colcon_parallel_executor.executor.parallel:loop closed
[4.042s] DEBUG:colcon.colcon_parallel_executor.executor.parallel:run_until_complete finished with '0'
[4.042s] DEBUG:colcon.colcon_core.event_reactor:joining thread
[4.054s] INFO:colcon.colcon_core.plugin_system:Skipping extension 'colcon_notification.desktop_notification.terminal_notifier': Not used on non-Darwin systems
[4.054s] INFO:colcon.colcon_core.plugin_system:Skipping extension 'colcon_notification.desktop_notification.win32': Not used on non-Windows systems
[4.054s] INFO:colcon.colcon_notification.desktop_notification:Sending desktop notification using 'notify2'
[4.081s] DEBUG:colcon.colcon_core.event_reactor:joined thread
[4.082s] INFO:colcon.colcon_core.shell:Creating prefix script '/home/ammar/Documents/Pendulum/pendulum_real_ws/install/local_setup.ps1'
[4.083s] INFO:colcon.colcon_core.shell:Creating prefix util module '/home/ammar/Documents/Pendulum/pendulum_real_ws/install/_local_setup_util_ps1.py'
[4.086s] INFO:colcon.colcon_core.shell:Creating prefix chain script '/home/ammar/Documents/Pendulum/pendulum_real_ws/install/setup.ps1'
[4.088s] INFO:colcon.colcon_core.shell:Creating prefix script '/home/ammar/Documents/Pendulum/pendulum_real_ws/install/local_setup.sh'
[4.090s] INFO:colcon.colcon_core.shell:Creating prefix util module '/home/ammar/Documents/Pendulum/pendulum_real_ws/install/_local_setup_util_sh.py'
[4.091s] INFO:colcon.colcon_core.shell:Creating prefix chain script '/home/ammar/Documents/Pendulum/pendulum_real_ws/install/setup.sh'
[4.093s] INFO:colcon.colcon_core.shell:Creating prefix script '/home/ammar/Documents/Pendulum/pendulum_real_ws/install/local_setup.bash'
[4.094s] INFO:colcon.colcon_core.shell:Creating prefix chain script '/home/ammar/Documents/Pendulum/pendulum_real_ws/install/setup.bash'
[4.097s] INFO:colcon.colcon_core.shell:Creating prefix script '/home/ammar/Documents/Pendulum/pendulum_real_ws/install/local_setup.zsh'
[4.098s] INFO:colcon.colcon_core.shell:Creating prefix chain script '/home/ammar/Documents/Pendulum/pendulum_real_ws/install/setup.zsh'
